<?xml version="1.0" encoding="UTF-8"?>
<!-- Generated by org.testng.reporters.JUnitXMLReporter -->
<testsuite ignored="0" hostname="Zakis-MacBook-Pro.local" failures="0" tests="7" name="test" time="69.191" errors="0" timestamp="2025-09-21T12:37:04 MDT">
  <testcase classname="testCase.TC001_AccountRegistrationTest" name="verify_Account_Registration" time="2.464"/>
  <testcase classname="testCase.TC002loginTest" name="verifyLogin" time="1.825"/>
  <testcase classname="testCase.TC003LoginDDT" name="verifyLoginDDT" time="2.552"/>
  <testcase classname="testCase.TC003LoginDDT" name="verifyLoginDDT" time="11.591"/>
  <testcase classname="testCase.TC003LoginDDT" name="verifyLoginDDT" time="11.454"/>
  <testcase classname="testCase.TC003LoginDDT" name="verifyLoginDDT" time="11.338"/>
  <testcase classname="testCase.TC003LoginDDT" name="verifyLoginDDT" time="11.32"/>
</testsuite> <!-- test -->
